[2025-09-18 09:51:05] request.INFO: Matched route "api_translation_value_edit". {"route":"api_translation_value_edit","route_parameters":{"_route":"api_translation_value_edit","_controller":"prestashop.core.api.translation.controller:translationEditAction","_legacy_controller":"AdminTranslations"},"request_uri":"https://ctinys.com/adminTinys/index.php/api/translations/edit?_token=kgjkepxQBW2abAp0qxldmMSfXHPSGPCWx6yaTADEr5I","method":"POST"} []
[2025-09-18 09:51:05] security.DEBUG: Read existing security token from the session. {"key":"_security_main","token_class":"Symfony\\Component\\Security\\Core\\Authentication\\Token\\UsernamePasswordToken"} []
[2025-09-18 09:51:05] security.DEBUG: User was reloaded from a user provider. {"provider":"PrestaShopBundle\\Security\\Admin\\EmployeeProvider","username":"equipoweb@grupoecotisa.com"} []
[2025-09-18 09:51:05] app.ERROR: No result was found for query although at least one row was expected. {"object_type":"Translation"} []
[2025-09-18 09:51:05] app.ERROR: No result was found for query although at least one row was expected. {"object_type":"Translation"} []
[2025-09-18 09:51:07] security.DEBUG: Stored the security token in the session. {"key":"_security_main"} []
[2025-09-18 10:05:38] request.INFO: Matched route "api_translation_value_edit". {"route":"api_translation_value_edit","route_parameters":{"_route":"api_translation_value_edit","_controller":"prestashop.core.api.translation.controller:translationEditAction","_legacy_controller":"AdminTranslations"},"request_uri":"https://ctinys.com/adminTinys/index.php/api/translations/edit?_token=kgjkepxQBW2abAp0qxldmMSfXHPSGPCWx6yaTADEr5I","method":"POST"} []
[2025-09-18 10:05:38] security.DEBUG: Read existing security token from the session. {"key":"_security_main","token_class":"Symfony\\Component\\Security\\Core\\Authentication\\Token\\UsernamePasswordToken"} []
[2025-09-18 10:05:38] security.DEBUG: User was reloaded from a user provider. {"provider":"PrestaShopBundle\\Security\\Admin\\EmployeeProvider","username":"equipoweb@grupoecotisa.com"} []
[2025-09-18 10:05:38] app.ERROR: No result was found for query although at least one row was expected. {"object_type":"Translation"} []
[2025-09-18 10:05:38] app.ERROR: No result was found for query although at least one row was expected. {"object_type":"Translation"} []
[2025-09-18 10:05:41] security.DEBUG: Stored the security token in the session. {"key":"_security_main"} []
[2025-09-18 10:07:52] request.INFO: Matched route "api_translation_value_edit". {"route":"api_translation_value_edit","route_parameters":{"_route":"api_translation_value_edit","_controller":"prestashop.core.api.translation.controller:translationEditAction","_legacy_controller":"AdminTranslations"},"request_uri":"https://ctinys.com/adminTinys/index.php/api/translations/edit?_token=kgjkepxQBW2abAp0qxldmMSfXHPSGPCWx6yaTADEr5I","method":"POST"} []
[2025-09-18 10:07:52] security.DEBUG: Read existing security token from the session. {"key":"_security_main","token_class":"Symfony\\Component\\Security\\Core\\Authentication\\Token\\UsernamePasswordToken"} []
[2025-09-18 10:07:52] security.DEBUG: User was reloaded from a user provider. {"provider":"PrestaShopBundle\\Security\\Admin\\EmployeeProvider","username":"equipoweb@grupoecotisa.com"} []
[2025-09-18 10:07:52] app.ERROR: No result was found for query although at least one row was expected. {"object_type":"Translation"} []
[2025-09-18 10:07:54] security.DEBUG: Stored the security token in the session. {"key":"_security_main"} []
[2025-09-18 15:10:42] request.INFO: Matched route "api_translation_value_edit". {"route":"api_translation_value_edit","route_parameters":{"_route":"api_translation_value_edit","_controller":"prestashop.core.api.translation.controller:translationEditAction","_legacy_controller":"AdminTranslations"},"request_uri":"https://ctinys.com/adminTinys/index.php/api/translations/edit?_token=LuBvb6Q-gtQbn2cDKprKb66rIxCwlaZ5GWz4lJs_Kfc","method":"POST"} []
[2025-09-18 15:10:42] security.DEBUG: Read existing security token from the session. {"key":"_security_main","token_class":"Symfony\\Component\\Security\\Core\\Authentication\\Token\\UsernamePasswordToken"} []
[2025-09-18 15:10:42] security.DEBUG: User was reloaded from a user provider. {"provider":"PrestaShopBundle\\Security\\Admin\\EmployeeProvider","username":"equipoweb@grupoecotisa.com"} []
[2025-09-18 15:10:42] app.ERROR: No result was found for query although at least one row was expected. {"object_type":"Translation"} []
[2025-09-18 15:10:42] app.ERROR: No result was found for query although at least one row was expected. {"object_type":"Translation"} []
[2025-09-18 15:10:42] app.ERROR: No result was found for query although at least one row was expected. {"object_type":"Translation"} []
[2025-09-18 15:10:45] security.DEBUG: Stored the security token in the session. {"key":"_security_main"} []
[2025-09-18 15:11:21] request.INFO: Matched route "api_translation_value_edit". {"route":"api_translation_value_edit","route_parameters":{"_route":"api_translation_value_edit","_controller":"prestashop.core.api.translation.controller:translationEditAction","_legacy_controller":"AdminTranslations"},"request_uri":"https://ctinys.com/adminTinys/index.php/api/translations/edit?_token=LuBvb6Q-gtQbn2cDKprKb66rIxCwlaZ5GWz4lJs_Kfc","method":"POST"} []
[2025-09-18 15:11:21] security.DEBUG: Read existing security token from the session. {"key":"_security_main","token_class":"Symfony\\Component\\Security\\Core\\Authentication\\Token\\UsernamePasswordToken"} []
[2025-09-18 15:11:21] security.DEBUG: User was reloaded from a user provider. {"provider":"PrestaShopBundle\\Security\\Admin\\EmployeeProvider","username":"equipoweb@grupoecotisa.com"} []
[2025-09-18 15:11:22] app.ERROR: No result was found for query although at least one row was expected. {"object_type":"Translation"} []
[2025-09-18 15:11:24] security.DEBUG: Stored the security token in the session. {"key":"_security_main"} []
[2025-09-18 15:42:49] request.INFO: Matched route "api_translation_value_edit". {"route":"api_translation_value_edit","route_parameters":{"_route":"api_translation_value_edit","_controller":"prestashop.core.api.translation.controller:translationEditAction","_legacy_controller":"AdminTranslations"},"request_uri":"https://ctinys.com/adminTinys/index.php/api/translations/edit?_token=LuBvb6Q-gtQbn2cDKprKb66rIxCwlaZ5GWz4lJs_Kfc","method":"POST"} []
[2025-09-18 15:42:49] security.DEBUG: Read existing security token from the session. {"key":"_security_main","token_class":"Symfony\\Component\\Security\\Core\\Authentication\\Token\\UsernamePasswordToken"} []
[2025-09-18 15:42:49] security.DEBUG: User was reloaded from a user provider. {"provider":"PrestaShopBundle\\Security\\Admin\\EmployeeProvider","username":"equipoweb@grupoecotisa.com"} []
[2025-09-18 15:42:49] app.ERROR: No result was found for query although at least one row was expected. {"object_type":"Translation"} []
[2025-09-18 15:42:49] app.ERROR: No result was found for query although at least one row was expected. {"object_type":"Translation"} []
[2025-09-18 15:42:51] security.DEBUG: Stored the security token in the session. {"key":"_security_main"} []
