[2025-09-01 12:03:51] app.INFO: Protect vendor folder in module pagesnotfound [] []
[2025-09-01 12:03:51] app.INFO: Module pagesnotfound has no vendor folder [] []
[2025-09-01 12:03:51] app.INFO: Protect vendor folder in module statsbestproducts [] []
[2025-09-01 12:03:51] app.INFO: Module statsbestproducts has no vendor folder [] []
[2025-09-01 12:03:51] app.INFO: Protect vendor folder in module statsstock [] []
[2025-09-01 12:03:51] app.INFO: Module statsstock has no vendor folder [] []
[2025-09-01 12:03:51] app.INFO: Protect vendor folder in module statsforecast [] []
[2025-09-01 12:03:51] app.INFO: Module statsforecast has no vendor folder [] []
[2025-09-01 12:03:51] app.INFO: Protect vendor folder in module klaviyopsautomation [] []
[2025-09-01 12:03:52] app.INFO: Protect vendor folder in module ps_crossselling [] []
[2025-09-01 12:03:52] app.INFO: Module ps_crossselling has no vendor folder [] []
[2025-09-01 12:03:52] app.INFO: Protect vendor folder in module statsbestcategories [] []
[2025-09-01 12:03:52] app.INFO: Module statsbestcategories has no vendor folder [] []
[2025-09-01 12:03:52] app.INFO: Protect vendor folder in module dashgoals [] []
[2025-09-01 12:03:52] app.INFO: Module dashgoals has no vendor folder [] []
[2025-09-01 12:03:53] app.INFO: Protect vendor folder in module psshipping [] []
[2025-09-01 12:03:53] app.ERROR: Cannot register tab "PsshippingCarrierController" because it already exists [] []
[2025-09-01 12:03:53] app.ERROR: Cannot register tab "PsshippingCarrierController" because it already exists [] []
[2025-09-01 12:03:53] app.ERROR: Cannot register tab "PsshippingCarrierController" because it already exists [] []
[2025-09-01 12:03:53] app.ERROR: Cannot register tab "PsshippingConfigurationController" because it already exists [] []
[2025-09-01 12:03:53] app.ERROR: Cannot register tab "PsshippingOrdersController" because it already exists [] []
[2025-09-01 12:03:53] app.ERROR: Cannot register tab "PsshippingOrdersController" because it already exists [] []
[2025-09-01 12:03:53] app.ERROR: Cannot register tab "PsshippingOrdersController" because it already exists [] []
[2025-09-01 12:03:53] app.ERROR: Cannot register tab "PsshippingConfigurationController" because it already exists [] []
[2025-09-01 12:03:53] app.ERROR: Cannot register tab "PsshippingConfigurationController" because it already exists [] []
[2025-09-01 12:03:53] app.ERROR: Cannot register tab "PsshippingConfigurationController" because it already exists [] []
[2025-09-01 12:03:53] app.ERROR: Cannot register tab "PsshippingConfigurationController" because it already exists [] []
[2025-09-01 12:03:53] app.ERROR: Cannot register tab "PsshippingConfigurationController" because it already exists [] []
[2025-09-01 12:03:53] app.ERROR: Cannot register tab "PsshippingConfigurationController" because it already exists [] []
[2025-09-01 12:03:53] app.ERROR: Cannot register tab "PsshippingConfigurationController" because it already exists [] []
[2025-09-01 12:03:53] app.ERROR: Cannot register tab "PsshippingKeycloakAuthController" because it already exists [] []
[2025-09-01 12:03:55] app.INFO: Protect vendor folder in module gamification [] []
[2025-09-01 12:03:55] app.INFO: Protect vendor folder in module statssales [] []
[2025-09-01 12:03:55] app.INFO: Module statssales has no vendor folder [] []
[2025-09-01 12:03:55] app.INFO: Protect vendor folder in module statsbestmanufacturers [] []
[2025-09-01 12:03:55] app.INFO: Module statsbestmanufacturers has no vendor folder [] []
[2025-09-01 12:03:56] app.INFO: Protect vendor folder in module ps_accounts [] []
[2025-09-01 12:03:56] app.INFO: Protect vendor folder in module ps_mbo [] []
[2025-09-01 12:03:57] app.INFO: Protect vendor folder in module psxmarketingwithgoogle [] []
[2025-09-01 12:03:57] app.INFO: Protect vendor folder in module ps_dataprivacy [] []
[2025-09-01 12:03:57] app.INFO: Module ps_dataprivacy has no vendor folder [] []
[2025-09-01 12:03:58] app.INFO: Protect vendor folder in module ps_emailalerts [] []
[2025-09-01 12:03:58] app.INFO: Module ps_emailalerts has no vendor folder [] []
[2025-09-01 12:03:58] app.INFO: Protect vendor folder in module ps_googleanalytics [] []
[2025-09-01 12:03:58] app.INFO: Module ps_googleanalytics has no vendor folder [] []
[2025-09-01 12:03:58] app.INFO: Protect vendor folder in module statscheckup [] []
[2025-09-01 12:03:58] app.INFO: Module statscheckup has no vendor folder [] []
[2025-09-01 12:03:58] app.INFO: Protect vendor folder in module ps_wirepayment [] []
[2025-09-01 12:03:58] app.INFO: Module ps_wirepayment has no vendor folder [] []
[2025-09-01 12:03:58] app.INFO: Protect vendor folder in module ps_supplierlist [] []
[2025-09-01 12:03:58] app.INFO: Module ps_supplierlist has no vendor folder [] []
[2025-09-01 12:03:58] app.INFO: Protect vendor folder in module dashtrends [] []
[2025-09-01 12:03:58] app.INFO: Module dashtrends has no vendor folder [] []
[2025-09-01 12:03:59] app.INFO: Protect vendor folder in module ps_facebook [] []
[2025-09-01 12:03:59] app.INFO: Protect vendor folder in module ps_cashondelivery [] []
[2025-09-01 12:03:59] app.INFO: Module ps_cashondelivery has no vendor folder [] []
[2025-09-01 12:03:59] app.INFO: Protect vendor folder in module statsproduct [] []
[2025-09-01 12:03:59] app.INFO: Module statsproduct has no vendor folder [] []
[2025-09-01 12:03:59] app.INFO: Protect vendor folder in module ps_checkpayment [] []
[2025-09-01 12:03:59] app.INFO: Module ps_checkpayment has no vendor folder [] []
[2025-09-01 12:04:00] app.INFO: Protect vendor folder in module ps_checkout [] []
[2025-09-01 12:04:00] app.INFO: Protect vendor folder in module gridhtml [] []
[2025-09-01 12:04:00] app.INFO: Module gridhtml has no vendor folder [] []
[2025-09-01 12:04:00] app.INFO: Protect vendor folder in module ps_themecusto [] []
[2025-09-01 12:04:00] app.INFO: Module ps_themecusto has no vendor folder [] []
[2025-09-01 12:04:00] app.INFO: Protect vendor folder in module statsbestsuppliers [] []
[2025-09-01 12:04:00] app.INFO: Module statsbestsuppliers has no vendor folder [] []
[2025-09-01 12:04:00] app.INFO: Protect vendor folder in module gsitemap [] []
[2025-09-01 12:04:00] app.INFO: Module gsitemap has no vendor folder [] []
[2025-09-01 12:04:01] app.INFO: Protect vendor folder in module psxdesign [] []
[2025-09-01 12:04:02] app.INFO: Protect vendor folder in module ps_metrics [] []
[2025-09-01 12:04:02] app.INFO: Protect vendor folder in module statsbestcustomers [] []
[2025-09-01 12:04:02] app.INFO: Module statsbestcustomers has no vendor folder [] []
[2025-09-01 12:04:02] app.INFO: Protect vendor folder in module ps_brandlist [] []
[2025-09-01 12:04:02] app.INFO: Module ps_brandlist has no vendor folder [] []
[2025-09-01 12:04:02] app.INFO: Protect vendor folder in module statsnewsletter [] []
[2025-09-01 12:04:02] app.INFO: Module statsnewsletter has no vendor folder [] []
[2025-09-01 12:04:02] app.INFO: Protect vendor folder in module ps_viewedproduct [] []
[2025-09-01 12:04:02] app.INFO: Module ps_viewedproduct has no vendor folder [] []
[2025-09-01 12:04:03] app.INFO: Protect vendor folder in module ps_eventbus [] []
[2025-09-01 12:04:03] app.INFO: Protect vendor folder in module ps_distributionapiclient [] []
[2025-09-01 12:04:03] app.INFO: Module ps_distributionapiclient has no vendor folder [] []
[2025-09-01 12:04:03] app.INFO: Protect vendor folder in module ps_categoryproducts [] []
[2025-09-01 12:04:03] app.INFO: Module ps_categoryproducts has no vendor folder [] []
[2025-09-01 12:04:03] app.INFO: Protect vendor folder in module statsregistrations [] []
[2025-09-01 12:04:03] app.INFO: Module statsregistrations has no vendor folder [] []
[2025-09-01 12:04:03] app.INFO: Protect vendor folder in module dashproducts [] []
[2025-09-01 12:04:03] app.INFO: Module dashproducts has no vendor folder [] []
[2025-09-01 12:04:03] app.INFO: Protect vendor folder in module statscatalog [] []
[2025-09-01 12:04:03] app.INFO: Module statscatalog has no vendor folder [] []
[2025-09-01 12:04:03] app.INFO: Protect vendor folder in module statsdata [] []
[2025-09-01 12:04:03] app.INFO: Module statsdata has no vendor folder [] []
[2025-09-01 12:04:03] app.INFO: Protect vendor folder in module ps_faviconnotificationbo [] []
[2025-09-01 12:04:03] app.INFO: Module ps_faviconnotificationbo has no vendor folder [] []
[2025-09-01 12:04:04] app.INFO: Protect vendor folder in module ps_edition_basic [] []
[2025-09-01 12:04:04] app.INFO: Protect vendor folder in module dashactivity [] []
[2025-09-01 12:04:04] app.INFO: Module dashactivity has no vendor folder [] []
[2025-09-01 12:04:04] app.INFO: Protect vendor folder in module statspersonalinfos [] []
[2025-09-01 12:04:04] app.INFO: Module statspersonalinfos has no vendor folder [] []
[2025-09-01 12:04:04] app.INFO: Protect vendor folder in module graphnvd3 [] []
[2025-09-01 12:04:04] app.INFO: Module graphnvd3 has no vendor folder [] []
[2025-09-01 12:04:04] app.INFO: Protect vendor folder in module statsbestvouchers [] []
[2025-09-01 12:04:04] app.INFO: Module statsbestvouchers has no vendor folder [] []
[2025-09-01 12:04:04] app.INFO: Protect vendor folder in module statscarrier [] []
[2025-09-01 12:04:04] app.INFO: Module statscarrier has no vendor folder [] []
[2025-09-01 12:04:04] app.INFO: Protect vendor folder in module statssearch [] []
[2025-09-01 12:04:04] app.INFO: Module statssearch has no vendor folder [] []
[2025-09-01 14:54:22] request.INFO: Matched route "ajax_get_admin_user_id". {"route":"ajax_get_admin_user_id","route_parameters":{"_route":"ajax_get_admin_user_id","_controller":"PrestaShop\\Module\\PsxDesign\\Controller\\Admin\\AdminPsxDesignAjaxController::getUserIdAction"},"request_uri":"https://dev.ctinys.com/admin689snyoffbsvpg02d4y/index.php/modules/improve/design/user/userId?_token=BN-bTreP7dbZ5llKsCtBczOHm2_D45XkKbnNSGp-kA0","method":"GET"} []
[2025-09-01 14:54:23] security.DEBUG: Read existing security token from the session. {"key":"_security_main","token_class":"Symfony\\Component\\Security\\Core\\Authentication\\Token\\UsernamePasswordToken"} []
[2025-09-01 14:54:23] security.DEBUG: User was reloaded from a user provider. {"provider":"PrestaShopBundle\\Security\\Admin\\EmployeeProvider","username":"equipoweb@grupoecotisa.com"} []
[2025-09-01 14:54:24] request.CRITICAL: Uncaught PHP Exception Symfony\Component\ErrorHandler\Error\ClassNotFoundError: "Attempted to load class "Parser" from namespace "Lcobucci\JWT\Token". Did you forget a "use" statement for e.g. "Twig\Parser", "Symfony\Component\CssSelector\Parser\Parser", "Symfony\Component\ExpressionLanguage\Parser", "Symfony\Component\Yaml\Parser", "PhpParser\Parser", "PhpOffice\PhpSpreadsheet\Writer\Xls\Parser", "Lcobucci\JWT\Parser", "Egulias\EmailValidator\Parser", "Doctrine\ORM\Query\Parser", "PrestaShop\Module\PsAccounts\Vendor\Lcobucci\JWT\Parser", "Dotenv\Parser", "PrestaShop\Module\PsxDesign\Vendor\ScssPhp\ScssPhp\Parser" or "ps_metrics_module_v4_1_2\Dotenv\Parser"?" at /var/www/vhosts/ctinys.com/dev.ctinys.com/var/cache/prod/ContainerWJ9xBaV/getPrestashop_Module_Psxdesign_TokenParserService.php line 9 {"exception":"[object] (Symfony\\Component\\ErrorHandler\\Error\\ClassNotFoundError(code: 0): Attempted to load class \"Parser\" from namespace \"Lcobucci\\JWT\\Token\".\nDid you forget a \"use\" statement for e.g. \"Twig\\Parser\", \"Symfony\\Component\\CssSelector\\Parser\\Parser\", \"Symfony\\Component\\ExpressionLanguage\\Parser\", \"Symfony\\Component\\Yaml\\Parser\", \"PhpParser\\Parser\", \"PhpOffice\\PhpSpreadsheet\\Writer\\Xls\\Parser\", \"Lcobucci\\JWT\\Parser\", \"Egulias\\EmailValidator\\Parser\", \"Doctrine\\ORM\\Query\\Parser\", \"PrestaShop\\Module\\PsAccounts\\Vendor\\Lcobucci\\JWT\\Parser\", \"Dotenv\\Parser\", \"PrestaShop\\Module\\PsxDesign\\Vendor\\ScssPhp\\ScssPhp\\Parser\" or \"ps_metrics_module_v4_1_2\\Dotenv\\Parser\"? at /var/www/vhosts/ctinys.com/dev.ctinys.com/var/cache/prod/ContainerWJ9xBaV/getPrestashop_Module_Psxdesign_TokenParserService.php:9)"} []
[2025-09-01 14:54:24] security.DEBUG: Stored the security token in the session. {"key":"_security_main"} []
[2025-09-01 14:54:26] request.INFO: Matched route "ajax_get_admin_user_id". {"route":"ajax_get_admin_user_id","route_parameters":{"_route":"ajax_get_admin_user_id","_controller":"PrestaShop\\Module\\PsxDesign\\Controller\\Admin\\AdminPsxDesignAjaxController::getUserIdAction"},"request_uri":"https://dev.ctinys.com/admin689snyoffbsvpg02d4y/index.php/modules/improve/design/user/userId?_token=BN-bTreP7dbZ5llKsCtBczOHm2_D45XkKbnNSGp-kA0","method":"GET"} []
[2025-09-01 14:54:27] security.DEBUG: Read existing security token from the session. {"key":"_security_main","token_class":"Symfony\\Component\\Security\\Core\\Authentication\\Token\\UsernamePasswordToken"} []
[2025-09-01 14:54:27] security.DEBUG: User was reloaded from a user provider. {"provider":"PrestaShopBundle\\Security\\Admin\\EmployeeProvider","username":"equipoweb@grupoecotisa.com"} []
[2025-09-01 14:54:27] request.CRITICAL: Uncaught PHP Exception Symfony\Component\ErrorHandler\Error\ClassNotFoundError: "Attempted to load class "Parser" from namespace "Lcobucci\JWT\Token". Did you forget a "use" statement for e.g. "Twig\Parser", "Symfony\Component\CssSelector\Parser\Parser", "Symfony\Component\ExpressionLanguage\Parser", "Symfony\Component\Yaml\Parser", "PhpParser\Parser", "PhpOffice\PhpSpreadsheet\Writer\Xls\Parser", "Lcobucci\JWT\Parser", "Egulias\EmailValidator\Parser", "Doctrine\ORM\Query\Parser", "PrestaShop\Module\PsAccounts\Vendor\Lcobucci\JWT\Parser", "Dotenv\Parser", "PrestaShop\Module\PsxDesign\Vendor\ScssPhp\ScssPhp\Parser" or "ps_metrics_module_v4_1_2\Dotenv\Parser"?" at /var/www/vhosts/ctinys.com/dev.ctinys.com/var/cache/prod/ContainerWJ9xBaV/getPrestashop_Module_Psxdesign_TokenParserService.php line 9 {"exception":"[object] (Symfony\\Component\\ErrorHandler\\Error\\ClassNotFoundError(code: 0): Attempted to load class \"Parser\" from namespace \"Lcobucci\\JWT\\Token\".\nDid you forget a \"use\" statement for e.g. \"Twig\\Parser\", \"Symfony\\Component\\CssSelector\\Parser\\Parser\", \"Symfony\\Component\\ExpressionLanguage\\Parser\", \"Symfony\\Component\\Yaml\\Parser\", \"PhpParser\\Parser\", \"PhpOffice\\PhpSpreadsheet\\Writer\\Xls\\Parser\", \"Lcobucci\\JWT\\Parser\", \"Egulias\\EmailValidator\\Parser\", \"Doctrine\\ORM\\Query\\Parser\", \"PrestaShop\\Module\\PsAccounts\\Vendor\\Lcobucci\\JWT\\Parser\", \"Dotenv\\Parser\", \"PrestaShop\\Module\\PsxDesign\\Vendor\\ScssPhp\\ScssPhp\\Parser\" or \"ps_metrics_module_v4_1_2\\Dotenv\\Parser\"? at /var/www/vhosts/ctinys.com/dev.ctinys.com/var/cache/prod/ContainerWJ9xBaV/getPrestashop_Module_Psxdesign_TokenParserService.php:9)"} []
[2025-09-01 14:54:27] security.DEBUG: Stored the security token in the session. {"key":"_security_main"} []
[2025-09-01 14:54:53] request.INFO: Matched route "ajax_get_admin_user_id". {"route":"ajax_get_admin_user_id","route_parameters":{"_route":"ajax_get_admin_user_id","_controller":"PrestaShop\\Module\\PsxDesign\\Controller\\Admin\\AdminPsxDesignAjaxController::getUserIdAction"},"request_uri":"https://dev.ctinys.com/admin689snyoffbsvpg02d4y/index.php/modules/improve/design/user/userId?_token=BN-bTreP7dbZ5llKsCtBczOHm2_D45XkKbnNSGp-kA0","method":"GET"} []
[2025-09-01 14:54:53] security.DEBUG: Read existing security token from the session. {"key":"_security_main","token_class":"Symfony\\Component\\Security\\Core\\Authentication\\Token\\UsernamePasswordToken"} []
[2025-09-01 14:54:53] security.DEBUG: User was reloaded from a user provider. {"provider":"PrestaShopBundle\\Security\\Admin\\EmployeeProvider","username":"equipoweb@grupoecotisa.com"} []
[2025-09-01 14:54:53] request.CRITICAL: Uncaught PHP Exception Symfony\Component\ErrorHandler\Error\ClassNotFoundError: "Attempted to load class "Parser" from namespace "Lcobucci\JWT\Token". Did you forget a "use" statement for e.g. "Twig\Parser", "Symfony\Component\CssSelector\Parser\Parser", "Symfony\Component\ExpressionLanguage\Parser", "Symfony\Component\Yaml\Parser", "PhpParser\Parser", "PhpOffice\PhpSpreadsheet\Writer\Xls\Parser", "Lcobucci\JWT\Parser", "Egulias\EmailValidator\Parser", "Doctrine\ORM\Query\Parser", "PrestaShop\Module\PsAccounts\Vendor\Lcobucci\JWT\Parser", "Dotenv\Parser", "PrestaShop\Module\PsxDesign\Vendor\ScssPhp\ScssPhp\Parser" or "ps_metrics_module_v4_1_2\Dotenv\Parser"?" at /var/www/vhosts/ctinys.com/dev.ctinys.com/var/cache/prod/ContainerWJ9xBaV/getPrestashop_Module_Psxdesign_TokenParserService.php line 9 {"exception":"[object] (Symfony\\Component\\ErrorHandler\\Error\\ClassNotFoundError(code: 0): Attempted to load class \"Parser\" from namespace \"Lcobucci\\JWT\\Token\".\nDid you forget a \"use\" statement for e.g. \"Twig\\Parser\", \"Symfony\\Component\\CssSelector\\Parser\\Parser\", \"Symfony\\Component\\ExpressionLanguage\\Parser\", \"Symfony\\Component\\Yaml\\Parser\", \"PhpParser\\Parser\", \"PhpOffice\\PhpSpreadsheet\\Writer\\Xls\\Parser\", \"Lcobucci\\JWT\\Parser\", \"Egulias\\EmailValidator\\Parser\", \"Doctrine\\ORM\\Query\\Parser\", \"PrestaShop\\Module\\PsAccounts\\Vendor\\Lcobucci\\JWT\\Parser\", \"Dotenv\\Parser\", \"PrestaShop\\Module\\PsxDesign\\Vendor\\ScssPhp\\ScssPhp\\Parser\" or \"ps_metrics_module_v4_1_2\\Dotenv\\Parser\"? at /var/www/vhosts/ctinys.com/dev.ctinys.com/var/cache/prod/ContainerWJ9xBaV/getPrestashop_Module_Psxdesign_TokenParserService.php:9)"} []
[2025-09-01 14:54:53] security.DEBUG: Stored the security token in the session. {"key":"_security_main"} []
[2025-09-01 14:59:20] request.INFO: Matched route "ajax_get_admin_user_id". {"route":"ajax_get_admin_user_id","route_parameters":{"_route":"ajax_get_admin_user_id","_controller":"PrestaShop\\Module\\PsxDesign\\Controller\\Admin\\AdminPsxDesignAjaxController::getUserIdAction"},"request_uri":"https://dev.ctinys.com/admin689snyoffbsvpg02d4y/index.php/modules/improve/design/user/userId?_token=BN-bTreP7dbZ5llKsCtBczOHm2_D45XkKbnNSGp-kA0","method":"GET"} []
[2025-09-01 14:59:20] security.DEBUG: Read existing security token from the session. {"key":"_security_main","token_class":"Symfony\\Component\\Security\\Core\\Authentication\\Token\\UsernamePasswordToken"} []
[2025-09-01 14:59:20] security.DEBUG: User was reloaded from a user provider. {"provider":"PrestaShopBundle\\Security\\Admin\\EmployeeProvider","username":"equipoweb@grupoecotisa.com"} []
[2025-09-01 14:59:21] request.CRITICAL: Uncaught PHP Exception Symfony\Component\ErrorHandler\Error\ClassNotFoundError: "Attempted to load class "Parser" from namespace "Lcobucci\JWT\Token". Did you forget a "use" statement for e.g. "Twig\Parser", "Symfony\Component\CssSelector\Parser\Parser", "Symfony\Component\ExpressionLanguage\Parser", "Symfony\Component\Yaml\Parser", "PhpParser\Parser", "PhpOffice\PhpSpreadsheet\Writer\Xls\Parser", "Lcobucci\JWT\Parser", "Egulias\EmailValidator\Parser", "Doctrine\ORM\Query\Parser", "PrestaShop\Module\PsAccounts\Vendor\Lcobucci\JWT\Parser", "Dotenv\Parser", "PrestaShop\Module\PsxDesign\Vendor\ScssPhp\ScssPhp\Parser" or "ps_metrics_module_v4_1_2\Dotenv\Parser"?" at /var/www/vhosts/ctinys.com/dev.ctinys.com/var/cache/prod/ContainerWJ9xBaV/getPrestashop_Module_Psxdesign_TokenParserService.php line 9 {"exception":"[object] (Symfony\\Component\\ErrorHandler\\Error\\ClassNotFoundError(code: 0): Attempted to load class \"Parser\" from namespace \"Lcobucci\\JWT\\Token\".\nDid you forget a \"use\" statement for e.g. \"Twig\\Parser\", \"Symfony\\Component\\CssSelector\\Parser\\Parser\", \"Symfony\\Component\\ExpressionLanguage\\Parser\", \"Symfony\\Component\\Yaml\\Parser\", \"PhpParser\\Parser\", \"PhpOffice\\PhpSpreadsheet\\Writer\\Xls\\Parser\", \"Lcobucci\\JWT\\Parser\", \"Egulias\\EmailValidator\\Parser\", \"Doctrine\\ORM\\Query\\Parser\", \"PrestaShop\\Module\\PsAccounts\\Vendor\\Lcobucci\\JWT\\Parser\", \"Dotenv\\Parser\", \"PrestaShop\\Module\\PsxDesign\\Vendor\\ScssPhp\\ScssPhp\\Parser\" or \"ps_metrics_module_v4_1_2\\Dotenv\\Parser\"? at /var/www/vhosts/ctinys.com/dev.ctinys.com/var/cache/prod/ContainerWJ9xBaV/getPrestashop_Module_Psxdesign_TokenParserService.php:9)"} []
[2025-09-01 14:59:21] security.DEBUG: Stored the security token in the session. {"key":"_security_main"} []
[2025-09-01 14:59:36] request.INFO: Matched route "ajax_get_admin_user_id". {"route":"ajax_get_admin_user_id","route_parameters":{"_route":"ajax_get_admin_user_id","_controller":"PrestaShop\\Module\\PsxDesign\\Controller\\Admin\\AdminPsxDesignAjaxController::getUserIdAction"},"request_uri":"https://dev.ctinys.com/admin689snyoffbsvpg02d4y/index.php/modules/improve/design/user/userId?_token=BN-bTreP7dbZ5llKsCtBczOHm2_D45XkKbnNSGp-kA0","method":"GET"} []
[2025-09-01 14:59:36] security.DEBUG: Read existing security token from the session. {"key":"_security_main","token_class":"Symfony\\Component\\Security\\Core\\Authentication\\Token\\UsernamePasswordToken"} []
[2025-09-01 14:59:36] security.DEBUG: User was reloaded from a user provider. {"provider":"PrestaShopBundle\\Security\\Admin\\EmployeeProvider","username":"equipoweb@grupoecotisa.com"} []
[2025-09-01 14:59:36] request.CRITICAL: Uncaught PHP Exception Symfony\Component\ErrorHandler\Error\ClassNotFoundError: "Attempted to load class "Parser" from namespace "Lcobucci\JWT\Token". Did you forget a "use" statement for e.g. "Twig\Parser", "Symfony\Component\CssSelector\Parser\Parser", "Symfony\Component\ExpressionLanguage\Parser", "Symfony\Component\Yaml\Parser", "PhpParser\Parser", "PhpOffice\PhpSpreadsheet\Writer\Xls\Parser", "Lcobucci\JWT\Parser", "Egulias\EmailValidator\Parser", "Doctrine\ORM\Query\Parser", "PrestaShop\Module\PsAccounts\Vendor\Lcobucci\JWT\Parser", "Dotenv\Parser", "PrestaShop\Module\PsxDesign\Vendor\ScssPhp\ScssPhp\Parser" or "ps_metrics_module_v4_1_2\Dotenv\Parser"?" at /var/www/vhosts/ctinys.com/dev.ctinys.com/var/cache/prod/ContainerWJ9xBaV/getPrestashop_Module_Psxdesign_TokenParserService.php line 9 {"exception":"[object] (Symfony\\Component\\ErrorHandler\\Error\\ClassNotFoundError(code: 0): Attempted to load class \"Parser\" from namespace \"Lcobucci\\JWT\\Token\".\nDid you forget a \"use\" statement for e.g. \"Twig\\Parser\", \"Symfony\\Component\\CssSelector\\Parser\\Parser\", \"Symfony\\Component\\ExpressionLanguage\\Parser\", \"Symfony\\Component\\Yaml\\Parser\", \"PhpParser\\Parser\", \"PhpOffice\\PhpSpreadsheet\\Writer\\Xls\\Parser\", \"Lcobucci\\JWT\\Parser\", \"Egulias\\EmailValidator\\Parser\", \"Doctrine\\ORM\\Query\\Parser\", \"PrestaShop\\Module\\PsAccounts\\Vendor\\Lcobucci\\JWT\\Parser\", \"Dotenv\\Parser\", \"PrestaShop\\Module\\PsxDesign\\Vendor\\ScssPhp\\ScssPhp\\Parser\" or \"ps_metrics_module_v4_1_2\\Dotenv\\Parser\"? at /var/www/vhosts/ctinys.com/dev.ctinys.com/var/cache/prod/ContainerWJ9xBaV/getPrestashop_Module_Psxdesign_TokenParserService.php:9)"} []
[2025-09-01 14:59:37] security.DEBUG: Stored the security token in the session. {"key":"_security_main"} []
[2025-09-01 15:02:17] request.INFO: Matched route "ajax_get_admin_user_id". {"route":"ajax_get_admin_user_id","route_parameters":{"_route":"ajax_get_admin_user_id","_controller":"PrestaShop\\Module\\PsxDesign\\Controller\\Admin\\AdminPsxDesignAjaxController::getUserIdAction"},"request_uri":"https://dev.ctinys.com/admin689snyoffbsvpg02d4y/index.php/modules/improve/design/user/userId?_token=BN-bTreP7dbZ5llKsCtBczOHm2_D45XkKbnNSGp-kA0","method":"GET"} []
[2025-09-01 15:02:17] security.DEBUG: Read existing security token from the session. {"key":"_security_main","token_class":"Symfony\\Component\\Security\\Core\\Authentication\\Token\\UsernamePasswordToken"} []
[2025-09-01 15:02:17] security.DEBUG: User was reloaded from a user provider. {"provider":"PrestaShopBundle\\Security\\Admin\\EmployeeProvider","username":"equipoweb@grupoecotisa.com"} []
[2025-09-01 15:02:17] request.CRITICAL: Uncaught PHP Exception Symfony\Component\ErrorHandler\Error\ClassNotFoundError: "Attempted to load class "Parser" from namespace "Lcobucci\JWT\Token". Did you forget a "use" statement for e.g. "Twig\Parser", "Symfony\Component\CssSelector\Parser\Parser", "Symfony\Component\ExpressionLanguage\Parser", "Symfony\Component\Yaml\Parser", "PhpParser\Parser", "PhpOffice\PhpSpreadsheet\Writer\Xls\Parser", "Lcobucci\JWT\Parser", "Egulias\EmailValidator\Parser", "Doctrine\ORM\Query\Parser", "PrestaShop\Module\PsAccounts\Vendor\Lcobucci\JWT\Parser", "Dotenv\Parser", "PrestaShop\Module\PsxDesign\Vendor\ScssPhp\ScssPhp\Parser" or "ps_metrics_module_v4_1_2\Dotenv\Parser"?" at /var/www/vhosts/ctinys.com/dev.ctinys.com/var/cache/prod/ContainerWJ9xBaV/getPrestashop_Module_Psxdesign_TokenParserService.php line 9 {"exception":"[object] (Symfony\\Component\\ErrorHandler\\Error\\ClassNotFoundError(code: 0): Attempted to load class \"Parser\" from namespace \"Lcobucci\\JWT\\Token\".\nDid you forget a \"use\" statement for e.g. \"Twig\\Parser\", \"Symfony\\Component\\CssSelector\\Parser\\Parser\", \"Symfony\\Component\\ExpressionLanguage\\Parser\", \"Symfony\\Component\\Yaml\\Parser\", \"PhpParser\\Parser\", \"PhpOffice\\PhpSpreadsheet\\Writer\\Xls\\Parser\", \"Lcobucci\\JWT\\Parser\", \"Egulias\\EmailValidator\\Parser\", \"Doctrine\\ORM\\Query\\Parser\", \"PrestaShop\\Module\\PsAccounts\\Vendor\\Lcobucci\\JWT\\Parser\", \"Dotenv\\Parser\", \"PrestaShop\\Module\\PsxDesign\\Vendor\\ScssPhp\\ScssPhp\\Parser\" or \"ps_metrics_module_v4_1_2\\Dotenv\\Parser\"? at /var/www/vhosts/ctinys.com/dev.ctinys.com/var/cache/prod/ContainerWJ9xBaV/getPrestashop_Module_Psxdesign_TokenParserService.php:9)"} []
[2025-09-01 15:02:17] security.DEBUG: Stored the security token in the session. {"key":"_security_main"} []
[2025-09-01 15:03:55] request.INFO: Matched route "ajax_get_admin_user_id". {"route":"ajax_get_admin_user_id","route_parameters":{"_route":"ajax_get_admin_user_id","_controller":"PrestaShop\\Module\\PsxDesign\\Controller\\Admin\\AdminPsxDesignAjaxController::getUserIdAction"},"request_uri":"https://dev.ctinys.com/admin689snyoffbsvpg02d4y/index.php/modules/improve/design/user/userId?_token=BN-bTreP7dbZ5llKsCtBczOHm2_D45XkKbnNSGp-kA0","method":"GET"} []
[2025-09-01 15:03:56] security.DEBUG: Read existing security token from the session. {"key":"_security_main","token_class":"Symfony\\Component\\Security\\Core\\Authentication\\Token\\UsernamePasswordToken"} []
[2025-09-01 15:03:56] security.DEBUG: User was reloaded from a user provider. {"provider":"PrestaShopBundle\\Security\\Admin\\EmployeeProvider","username":"equipoweb@grupoecotisa.com"} []
[2025-09-01 15:03:56] request.CRITICAL: Uncaught PHP Exception Symfony\Component\ErrorHandler\Error\ClassNotFoundError: "Attempted to load class "Parser" from namespace "Lcobucci\JWT\Token". Did you forget a "use" statement for e.g. "Twig\Parser", "Symfony\Component\CssSelector\Parser\Parser", "Symfony\Component\ExpressionLanguage\Parser", "Symfony\Component\Yaml\Parser", "PhpParser\Parser", "PhpOffice\PhpSpreadsheet\Writer\Xls\Parser", "Lcobucci\JWT\Parser", "Egulias\EmailValidator\Parser", "Doctrine\ORM\Query\Parser", "PrestaShop\Module\PsAccounts\Vendor\Lcobucci\JWT\Parser", "Dotenv\Parser", "PrestaShop\Module\PsxDesign\Vendor\ScssPhp\ScssPhp\Parser" or "ps_metrics_module_v4_1_2\Dotenv\Parser"?" at /var/www/vhosts/ctinys.com/dev.ctinys.com/var/cache/prod/ContainerWJ9xBaV/getPrestashop_Module_Psxdesign_TokenParserService.php line 9 {"exception":"[object] (Symfony\\Component\\ErrorHandler\\Error\\ClassNotFoundError(code: 0): Attempted to load class \"Parser\" from namespace \"Lcobucci\\JWT\\Token\".\nDid you forget a \"use\" statement for e.g. \"Twig\\Parser\", \"Symfony\\Component\\CssSelector\\Parser\\Parser\", \"Symfony\\Component\\ExpressionLanguage\\Parser\", \"Symfony\\Component\\Yaml\\Parser\", \"PhpParser\\Parser\", \"PhpOffice\\PhpSpreadsheet\\Writer\\Xls\\Parser\", \"Lcobucci\\JWT\\Parser\", \"Egulias\\EmailValidator\\Parser\", \"Doctrine\\ORM\\Query\\Parser\", \"PrestaShop\\Module\\PsAccounts\\Vendor\\Lcobucci\\JWT\\Parser\", \"Dotenv\\Parser\", \"PrestaShop\\Module\\PsxDesign\\Vendor\\ScssPhp\\ScssPhp\\Parser\" or \"ps_metrics_module_v4_1_2\\Dotenv\\Parser\"? at /var/www/vhosts/ctinys.com/dev.ctinys.com/var/cache/prod/ContainerWJ9xBaV/getPrestashop_Module_Psxdesign_TokenParserService.php:9)"} []
[2025-09-01 15:03:57] security.DEBUG: Stored the security token in the session. {"key":"_security_main"} []
[2025-09-01 15:11:11] request.INFO: Matched route "ajax_get_admin_user_id". {"route":"ajax_get_admin_user_id","route_parameters":{"_route":"ajax_get_admin_user_id","_controller":"PrestaShop\\Module\\PsxDesign\\Controller\\Admin\\AdminPsxDesignAjaxController::getUserIdAction"},"request_uri":"https://dev.ctinys.com/admin689snyoffbsvpg02d4y/index.php/modules/improve/design/user/userId?_token=BN-bTreP7dbZ5llKsCtBczOHm2_D45XkKbnNSGp-kA0","method":"GET"} []
[2025-09-01 15:11:12] security.DEBUG: Read existing security token from the session. {"key":"_security_main","token_class":"Symfony\\Component\\Security\\Core\\Authentication\\Token\\UsernamePasswordToken"} []
[2025-09-01 15:11:12] security.DEBUG: User was reloaded from a user provider. {"provider":"PrestaShopBundle\\Security\\Admin\\EmployeeProvider","username":"equipoweb@grupoecotisa.com"} []
[2025-09-01 15:11:12] request.CRITICAL: Uncaught PHP Exception Symfony\Component\ErrorHandler\Error\ClassNotFoundError: "Attempted to load class "Parser" from namespace "Lcobucci\JWT\Token". Did you forget a "use" statement for e.g. "Twig\Parser", "Symfony\Component\CssSelector\Parser\Parser", "Symfony\Component\ExpressionLanguage\Parser", "Symfony\Component\Yaml\Parser", "PhpParser\Parser", "PhpOffice\PhpSpreadsheet\Writer\Xls\Parser", "Lcobucci\JWT\Parser", "Egulias\EmailValidator\Parser", "Doctrine\ORM\Query\Parser", "PrestaShop\Module\PsAccounts\Vendor\Lcobucci\JWT\Parser", "Dotenv\Parser", "PrestaShop\Module\PsxDesign\Vendor\ScssPhp\ScssPhp\Parser" or "ps_metrics_module_v4_1_2\Dotenv\Parser"?" at /var/www/vhosts/ctinys.com/dev.ctinys.com/var/cache/prod/ContainerWJ9xBaV/getPrestashop_Module_Psxdesign_TokenParserService.php line 9 {"exception":"[object] (Symfony\\Component\\ErrorHandler\\Error\\ClassNotFoundError(code: 0): Attempted to load class \"Parser\" from namespace \"Lcobucci\\JWT\\Token\".\nDid you forget a \"use\" statement for e.g. \"Twig\\Parser\", \"Symfony\\Component\\CssSelector\\Parser\\Parser\", \"Symfony\\Component\\ExpressionLanguage\\Parser\", \"Symfony\\Component\\Yaml\\Parser\", \"PhpParser\\Parser\", \"PhpOffice\\PhpSpreadsheet\\Writer\\Xls\\Parser\", \"Lcobucci\\JWT\\Parser\", \"Egulias\\EmailValidator\\Parser\", \"Doctrine\\ORM\\Query\\Parser\", \"PrestaShop\\Module\\PsAccounts\\Vendor\\Lcobucci\\JWT\\Parser\", \"Dotenv\\Parser\", \"PrestaShop\\Module\\PsxDesign\\Vendor\\ScssPhp\\ScssPhp\\Parser\" or \"ps_metrics_module_v4_1_2\\Dotenv\\Parser\"? at /var/www/vhosts/ctinys.com/dev.ctinys.com/var/cache/prod/ContainerWJ9xBaV/getPrestashop_Module_Psxdesign_TokenParserService.php:9)"} []
[2025-09-01 15:11:13] security.DEBUG: Stored the security token in the session. {"key":"_security_main"} []
